\BOOKMARK [0][-]{chapter.1}{\376\377\000r\000a\000y\000c\000a\000s\000t\000i\000n\000g\000-\000e\000n\000g\000i\000n\000e\000-\000p\000y\000t\000h\000o\000n}{}% 1
\BOOKMARK [1][-]{section.1.1}{\376\377\000G\000a\000m\000e\000E\000n\000g\000i\000n\000e\000\040\000m\000o\000d\000u\000l\000e}{chapter.1}% 2
\BOOKMARK [1][-]{section.1.2}{\376\377\000I\000n\000p\000u\000t\000H\000a\000n\000d\000l\000e\000r\000\040\000m\000o\000d\000u\000l\000e}{chapter.1}% 3
\BOOKMARK [1][-]{section.1.3}{\376\377\000R\000a\000y\000c\000a\000s\000t\000i\000n\000g\000E\000n\000g\000i\000n\000e\000\040\000m\000o\000d\000u\000l\000e}{chapter.1}% 4
\BOOKMARK [1][-]{section.1.4}{\376\377\000S\000p\000r\000i\000t\000e\000R\000e\000n\000d\000e\000r\000\040\000m\000o\000d\000u\000l\000e}{chapter.1}% 5
\BOOKMARK [1][-]{section.1.5}{\376\377\000c\000o\000m\000m\000a\000n\000d\000s\000\040\000p\000a\000c\000k\000a\000g\000e}{chapter.1}% 6
\BOOKMARK [2][-]{subsection.1.5.1}{\376\377\000S\000u\000b\000m\000o\000d\000u\000l\000e\000s}{section.1.5}% 7
\BOOKMARK [2][-]{subsection.1.5.2}{\376\377\000c\000o\000m\000m\000a\000n\000d\000s\000.\000C\000h\000a\000n\000g\000e\000W\000e\000a\000p\000o\000n\000C\000o\000m\000m\000a\000n\000d\000\040\000m\000o\000d\000u\000l\000e}{section.1.5}% 8
\BOOKMARK [2][-]{subsection.1.5.3}{\376\377\000c\000o\000m\000m\000a\000n\000d\000s\000.\000C\000o\000m\000m\000a\000n\000d\000\040\000m\000o\000d\000u\000l\000e}{section.1.5}% 9
\BOOKMARK [2][-]{subsection.1.5.4}{\376\377\000c\000o\000m\000m\000a\000n\000d\000s\000.\000M\000o\000v\000e\000A\000c\000t\000o\000r\000C\000o\000m\000m\000a\000n\000d\000\040\000m\000o\000d\000u\000l\000e}{section.1.5}% 10
\BOOKMARK [2][-]{subsection.1.5.5}{\376\377\000c\000o\000m\000m\000a\000n\000d\000s\000.\000R\000o\000t\000a\000t\000e\000A\000c\000t\000o\000r\000C\000o\000m\000m\000a\000n\000d\000\040\000m\000o\000d\000u\000l\000e}{section.1.5}% 11
\BOOKMARK [2][-]{subsection.1.5.6}{\376\377\000c\000o\000m\000m\000a\000n\000d\000s\000.\000Z\000o\000o\000m\000C\000o\000m\000m\000a\000n\000d\000\040\000m\000o\000d\000u\000l\000e}{section.1.5}% 12
\BOOKMARK [2][-]{subsection.1.5.7}{\376\377\000M\000o\000d\000u\000l\000e\000\040\000c\000o\000n\000t\000e\000n\000t\000s}{section.1.5}% 13
\BOOKMARK [1][-]{section.1.6}{\376\377\000m\000a\000i\000n\000\040\000m\000o\000d\000u\000l\000e}{chapter.1}% 14
\BOOKMARK [1][-]{section.1.7}{\376\377\000o\000b\000j\000e\000c\000t\000s\000\040\000p\000a\000c\000k\000a\000g\000e}{chapter.1}% 15
\BOOKMARK [2][-]{subsection.1.7.1}{\376\377\000S\000u\000b\000m\000o\000d\000u\000l\000e\000s}{section.1.7}% 16
\BOOKMARK [2][-]{subsection.1.7.2}{\376\377\000o\000b\000j\000e\000c\000t\000s\000.\000A\000c\000t\000o\000r\000\040\000m\000o\000d\000u\000l\000e}{section.1.7}% 17
\BOOKMARK [2][-]{subsection.1.7.3}{\376\377\000o\000b\000j\000e\000c\000t\000s\000.\000D\000i\000r\000e\000c\000t\000i\000o\000n\000a\000l\000S\000p\000r\000i\000t\000e\000\040\000m\000o\000d\000u\000l\000e}{section.1.7}% 18
\BOOKMARK [2][-]{subsection.1.7.4}{\376\377\000o\000b\000j\000e\000c\000t\000s\000.\000G\000a\000m\000e\000O\000b\000j\000e\000c\000t\000\040\000m\000o\000d\000u\000l\000e}{section.1.7}% 19
\BOOKMARK [2][-]{subsection.1.7.5}{\376\377\000o\000b\000j\000e\000c\000t\000s\000.\000L\000e\000v\000e\000l\000\040\000m\000o\000d\000u\000l\000e}{section.1.7}% 20
\BOOKMARK [2][-]{subsection.1.7.6}{\376\377\000o\000b\000j\000e\000c\000t\000s\000.\000P\000l\000a\000y\000e\000r\000\040\000m\000o\000d\000u\000l\000e}{section.1.7}% 21
\BOOKMARK [2][-]{subsection.1.7.7}{\376\377\000o\000b\000j\000e\000c\000t\000s\000.\000S\000p\000r\000i\000t\000e\0002\000D\000\040\000m\000o\000d\000u\000l\000e}{section.1.7}% 22
\BOOKMARK [2][-]{subsection.1.7.8}{\376\377\000o\000b\000j\000e\000c\000t\000s\000.\000T\000e\000x\000t\000u\000r\000e\000\040\000m\000o\000d\000u\000l\000e}{section.1.7}% 23
\BOOKMARK [2][-]{subsection.1.7.9}{\376\377\000o\000b\000j\000e\000c\000t\000s\000.\000T\000e\000x\000t\000u\000r\000e\000S\000t\000r\000i\000p\000e\000\040\000m\000o\000d\000u\000l\000e}{section.1.7}% 24
\BOOKMARK [2][-]{subsection.1.7.10}{\376\377\000o\000b\000j\000e\000c\000t\000s\000.\000W\000e\000a\000p\000o\000n\000\040\000m\000o\000d\000u\000l\000e}{section.1.7}% 25
\BOOKMARK [2][-]{subsection.1.7.11}{\376\377\000M\000o\000d\000u\000l\000e\000\040\000c\000o\000n\000t\000e\000n\000t\000s}{section.1.7}% 26
\BOOKMARK [1][-]{section.1.8}{\376\377\000s\000e\000t\000t\000i\000n\000g\000s\000\040\000m\000o\000d\000u\000l\000e}{chapter.1}% 27
\BOOKMARK [1][-]{section.1.9}{\376\377\000u\000t\000i\000l\000s\000\040\000m\000o\000d\000u\000l\000e}{chapter.1}% 28
\BOOKMARK [0][-]{chapter.2}{\376\377\000I\000n\000d\000i\000c\000e\000s\000\040\000a\000n\000d\000\040\000t\000a\000b\000l\000e\000s}{}% 29
\BOOKMARK [0][-]{section*.66}{\376\377\000P\000y\000t\000h\000o\000n\000\040\000M\000o\000d\000u\000l\000e\000\040\000I\000n\000d\000e\000x}{}% 30
